actionid: tox
msg: packaging
cmdargs: ['/usr/bin/python3', local('/home/user/python_practice/packaging/packaging_practice/setup.py'), 'sdist', '--formats=zip', '--dist-dir', local('/home/user/python_practice/packaging/packaging_practice/.tox/dist')]

running sdist
running egg_info
writing Example_Package.egg-info/PKG-INFO
writing dependency_links to Example_Package.egg-info/dependency_links.txt
writing requirements to Example_Package.egg-info/requires.txt
writing top-level names to Example_Package.egg-info/top_level.txt
writing entry points to Example_Package.egg-info/entry_points.txt
reading manifest file 'Example_Package.egg-info/SOURCES.txt'
reading manifest template 'MANIFEST.in'
warning: no files found matching '*' under directory 'test'
warning: no previously-included files matching '__pycache__' found under directory '*'
warning: no previously-included files matching '*.py[co]' found under directory '*'
writing manifest file 'Example_Package.egg-info/SOURCES.txt'
running check
warning: check: missing required meta-data: url

warning: check: missing meta-data: if 'author' supplied, 'author_email' must be supplied too

creating Example Package-0.1
creating Example Package-0.1/Example_Package.egg-info
creating Example Package-0.1/sample
creating Example Package-0.1/tests
copying files to Example Package-0.1...
copying MANIFEST.in -> Example Package-0.1
copying README.rst -> Example Package-0.1
copying setup.cfg -> Example Package-0.1
copying setup.py -> Example Package-0.1
copying Example_Package.egg-info/PKG-INFO -> Example Package-0.1/Example_Package.egg-info
copying Example_Package.egg-info/SOURCES.txt -> Example Package-0.1/Example_Package.egg-info
copying Example_Package.egg-info/dependency_links.txt -> Example Package-0.1/Example_Package.egg-info
copying Example_Package.egg-info/entry_points.txt -> Example Package-0.1/Example_Package.egg-info
copying Example_Package.egg-info/requires.txt -> Example Package-0.1/Example_Package.egg-info
copying Example_Package.egg-info/top_level.txt -> Example Package-0.1/Example_Package.egg-info
copying sample/__init__.py -> Example Package-0.1/sample
copying sample/package_data.dat -> Example Package-0.1/sample
copying sample/sample.py -> Example Package-0.1/sample
copying tests/__init__.py -> Example Package-0.1/tests
copying tests/tests.py -> Example Package-0.1/tests
Writing Example Package-0.1/setup.cfg
creating '.tox/dist/Example Package-0.1.zip' and adding 'Example Package-0.1' to it
adding 'Example Package-0.1/PKG-INFO'
adding 'Example Package-0.1/README.rst'
adding 'Example Package-0.1/setup.py'
adding 'Example Package-0.1/MANIFEST.in'
adding 'Example Package-0.1/setup.cfg'
adding 'Example Package-0.1/tests/tests.py'
adding 'Example Package-0.1/tests/__init__.py'
adding 'Example Package-0.1/sample/package_data.dat'
adding 'Example Package-0.1/sample/sample.py'
adding 'Example Package-0.1/sample/__init__.py'
adding 'Example Package-0.1/Example_Package.egg-info/top_level.txt'
adding 'Example Package-0.1/Example_Package.egg-info/PKG-INFO'
adding 'Example Package-0.1/Example_Package.egg-info/entry_points.txt'
adding 'Example Package-0.1/Example_Package.egg-info/SOURCES.txt'
adding 'Example Package-0.1/Example_Package.egg-info/requires.txt'
adding 'Example Package-0.1/Example_Package.egg-info/dependency_links.txt'
removing 'Example Package-0.1' (and everything under it)
